<?xml version="1.0" encoding="UTF-8"?>
<!-- Generated by org.testng.reporters.JUnitReportReporter -->
<testsuite hostname="DESKTOP-DOLTONP" failures="0" tests="1" name="testCases.TC0001_AccountRegistrationPage" time="6.297" errors="0" timestamp="2025-04-03T16:43:03 IST" skipped="0">
  <testcase classname="testCases.TC0001_AccountRegistrationPage" name="verify_account_registration" time="6.297"/>
</testsuite> <!-- testCases.TC0001_AccountRegistrationPage -->
