<?xml version="1.0" encoding="UTF-8"?>
<!-- Generated by org.testng.reporters.JUnitReportReporter -->
<testsuite hostname="LAPTOP-ELJK2S9L" failures="0" tests="1" name="testCases.TC0001_AccountRegistrationPage" time="6.791" errors="0" timestamp="2025-04-03T21:32:57 IST" skipped="0">
  <testcase classname="testCases.TC0001_AccountRegistrationPage" name="verify_account_registration" time="6.791"/>
</testsuite> <!-- testCases.TC0001_AccountRegistrationPage -->
